
2024-03-02 16:20:27|DEBUG|Saved to bank.db
2024-03-02 16:20:29|DEBUG|Created account: 1
2024-03-02 16:20:29|DEBUG|Saved to bank.db
2024-03-02 16:20:32|DEBUG|Created account: 2
2024-03-02 16:20:32|DEBUG|Saved to bank.db
2024-03-02 16:20:34|DEBUG|Created account: 3
2024-03-02 16:20:34|DEBUG|Saved to bank.db
2024-03-02 16:20:43|DEBUG|Created transaction: 2, 900
2024-03-02 16:20:43|DEBUG|Saved to bank.db
2024-03-02 16:20:47|DEBUG|Created transaction: 2, 909
2024-03-02 16:20:47|DEBUG|Saved to bank.db
2024-03-02 16:20:57|DEBUG|Created transaction: 2, 4344
2024-03-02 16:20:57|DEBUG|Saved to bank.db
2024-03-02 16:21:08|DEBUG|Created transaction: 2, 333
2024-03-02 16:21:08|DEBUG|Saved to bank.db
2024-03-02 16:21:13|DEBUG|Created transaction: 2, 223
2024-03-02 16:21:13|DEBUG|Saved to bank.db
2024-03-02 16:21:15|DEBUG|Created transaction: 2, 27.50690000000000
2024-03-02 16:21:15|DEBUG|Triggered interest and fees
2024-03-02 16:21:15|DEBUG|Saved to bank.db
2024-03-02 22:01:44|DEBUG|Loaded from bank.db
2024-03-03 12:27:41|DEBUG|Loaded from bank.db
2024-03-03 12:27:44|DEBUG|Created account: 4
2024-03-03 12:27:44|DEBUG| 
2024-03-03 12:27:46|DEBUG|Created account: 5
2024-03-03 12:27:46|DEBUG| 
2024-03-03 12:27:48|DEBUG|Created account: 6
2024-03-03 12:27:48|DEBUG| 
2024-03-03 12:27:51|DEBUG|Created account: 7
2024-03-03 12:27:51|DEBUG| 
2024-03-03 12:30:05|DEBUG|Loaded from bank.db
2024-03-03 12:30:08|DEBUG|Created account: 8
2024-03-03 12:30:08|DEBUG|Saved to bank.db
2024-03-03 12:30:10|DEBUG|Created account: 9
2024-03-03 12:30:10|DEBUG|Saved to bank.db
2024-03-03 12:30:12|DEBUG|Created account: 10
2024-03-03 12:30:12|DEBUG|Saved to bank.db
2024-03-03 12:30:14|DEBUG|Created account: 11
2024-03-03 12:30:14|DEBUG|Saved to bank.db
2024-03-03 13:51:18|DEBUG|Loaded from bank.db
2024-03-03 13:51:53|DEBUG|Created transaction: 2, 4
2024-03-03 13:51:53|DEBUG|Saved to bank.db
2024-03-03 13:51:54|DEBUG|Created transaction: 2, 27.63607829000000
2024-03-03 13:51:54|DEBUG|Triggered interest and fees
2024-03-03 13:51:54|DEBUG|Saved to bank.db
2024-03-03 13:54:02|DEBUG|Created account: 12
2024-03-03 13:54:02|DEBUG|Saved to bank.db
2024-03-03 13:54:11|DEBUG|Created account: 13
2024-03-03 13:54:11|DEBUG|Saved to bank.db
